<?xml version="1.0" encoding="UTF-8"?>
<!-- Generated by org.testng.reporters.JUnitXMLReporter -->
<testsuite ignored="0" hostname="LAPTOP-PP67ANRV" failures="2" tests="10" name="Default test" time="267.129" errors="0" timestamp="2026-04-06T12:59:34 IST">
  <testcase classname="io.cucumber.testng.AbstractTestNGCucumberTests" name="runScenario" time="38.679"/>
  <testcase classname="io.cucumber.testng.AbstractTestNGCucumberTests" name="runScenario" time="20.834"/>
  <testcase classname="io.cucumber.testng.AbstractTestNGCucumberTests" name="runScenario" time="40.698"/>
  <testcase classname="io.cucumber.testng.AbstractTestNGCucumberTests" name="runScenario" time="19.147"/>
  <testcase classname="io.cucumber.testng.AbstractTestNGCucumberTests" name="runScenario" time="26.163"/>
  <testcase classname="io.cucumber.testng.AbstractTestNGCucumberTests" name="runScenario" time="18.129"/>
  <testcase classname="io.cucumber.testng.AbstractTestNGCucumberTests" name="runScenario" time="20.757"/>
  <testcase classname="io.cucumber.testng.AbstractTestNGCucumberTests" name="runScenario" time="29.86"/>
  <testcase classname="io.cucumber.testng.AbstractTestNGCucumberTests" name="runScenario" time="30.41">
    <failure type="java.lang.AssertionError" message="Expected the login to succeed. expected [true] but found [false]">
      <![CDATA[java.lang.AssertionError: Expected the login to succeed. expected [true] but found [false]
at org.testng.Assert.fail(Assert.java:111)
at org.testng.Assert.failNotEquals(Assert.java:1578)
at org.testng.Assert.assertTrue(Assert.java:57)
at stepDefinitions.LoginSteps.theLoginResultShouldMatchTheExcelData(LoginSteps.java:36)
at ✽.the login result should match the Excel data(file:///C:/Users/bhute/eclipse-workspace1/Extent_Report1.zip_expanded/MCP/src/test/resources/features/login.feature:6)
]]>
    </failure>
  </testcase> <!-- runScenario -->
  <testcase classname="io.cucumber.testng.AbstractTestNGCucumberTests" name="runScenario" time="21.959">
    <failure type="java.lang.AssertionError" message="Expected the login to succeed. expected [true] but found [false]">
      <![CDATA[java.lang.AssertionError: Expected the login to succeed. expected [true] but found [false]
at org.testng.Assert.fail(Assert.java:111)
at org.testng.Assert.failNotEquals(Assert.java:1578)
at org.testng.Assert.assertTrue(Assert.java:57)
at stepDefinitions.LoginSteps.theLoginResultShouldMatchTheExcelData(LoginSteps.java:36)
at ✽.the login result should match the Excel data(file:///C:/Users/bhute/eclipse-workspace1/Extent_Report1.zip_expanded/MCP/src/test/resources/features/login.feature:6)
]]>
    </failure>
  </testcase> <!-- runScenario -->
</testsuite> <!-- Default test -->
