<?xml version="1.0" encoding="UTF-8"?>
<!-- Generated by org.testng.reporters.JUnitReportReporter -->
<testsuite hostname="LAPTOP-PP67ANRV" failures="2" tests="10" name="runner.TestRunner" time="266.636" errors="0" timestamp="2026-04-06T12:59:34 IST" skipped="0">
  <testcase classname="runner.TestRunner" name="runScenario" time="26.163"/>
  <testcase classname="runner.TestRunner" name="runScenario" time="20.757"/>
  <testcase classname="runner.TestRunner" name="runScenario" time="20.834"/>
  <testcase classname="runner.TestRunner" name="runScenario" time="29.860"/>
  <testcase classname="runner.TestRunner" name="runScenario" time="18.129"/>
  <testcase classname="runner.TestRunner" name="runScenario" time="19.147"/>
  <testcase classname="runner.TestRunner" name="runScenario" time="21.959">
    <failure message="Expected the login to succeed. expected [true] but found [false]" type="java.lang.AssertionError">
      <![CDATA[java.lang.AssertionError: Expected the login to succeed. expected [true] but found [false]
at org.testng.Assert.fail(Assert.java:111)
at org.testng.Assert.failNotEquals(Assert.java:1578)
at org.testng.Assert.assertTrue(Assert.java:57)
at stepDefinitions.LoginSteps.theLoginResultShouldMatchTheExcelData(LoginSteps.java:36)
at ✽.the login result should match the Excel data(file:///C:/Users/bhute/eclipse-workspace1/Extent_Report1.zip_expanded/MCP/src/test/resources/features/login.feature:6)
]]>
    </failure>
  </testcase> <!-- runScenario -->
  <testcase classname="runner.TestRunner" name="runScenario" time="40.698"/>
  <testcase classname="runner.TestRunner" name="runScenario" time="38.679"/>
  <testcase classname="runner.TestRunner" name="runScenario" time="30.410">
    <failure message="Expected the login to succeed. expected [true] but found [false]" type="java.lang.AssertionError">
      <![CDATA[java.lang.AssertionError: Expected the login to succeed. expected [true] but found [false]
at org.testng.Assert.fail(Assert.java:111)
at org.testng.Assert.failNotEquals(Assert.java:1578)
at org.testng.Assert.assertTrue(Assert.java:57)
at stepDefinitions.LoginSteps.theLoginResultShouldMatchTheExcelData(LoginSteps.java:36)
at ✽.the login result should match the Excel data(file:///C:/Users/bhute/eclipse-workspace1/Extent_Report1.zip_expanded/MCP/src/test/resources/features/login.feature:6)
]]>
    </failure>
  </testcase> <!-- runScenario -->
</testsuite> <!-- runner.TestRunner -->
